g:\github\repositories\savetheworld\proj.win32\debug.win32\appdelegate.obj
g:\github\repositories\savetheworld\proj.win32\debug.win32\main.obj
g:\github\repositories\savetheworld\proj.win32\debug.win32\helloworldscene.obj
g:\github\repositories\savetheworld\proj.win32\debug.win32\vc120.pdb
g:\github\repositories\savetheworld\proj.win32\debug.win32\mapscene.obj
g:\github\repositories\savetheworld\proj.win32\debug.win32\maplayer.obj
g:\github\repositories\savetheworld\proj.win32\debug.win32\city.obj
g:\github\repositories\savetheworld\proj.win32\debug.win32\vc120.idb
g:\github\repositories\savetheworld\proj.win32\debug.win32\stage1.obj
g:\github\repositories\savetheworld\proj.win32\debug.win32\stage1layer.obj
g:\github\repositories\savetheworld\proj.win32\debug.win32\stage1scene.obj
g:\github\repositories\savetheworld\proj.win32\debug.win32\savetheworld.ilk
g:\github\repositories\savetheworld\proj.win32\debug.win32\savetheworld.exe
g:\github\repositories\savetheworld\proj.win32\debug.win32\savetheworld.pdb
g:\github\repositories\savetheworld\proj.win32\debug.win32\game.res
g:\github\repositories\savetheworld\proj.win32\debug.win32\savetheworld.tlog\cl.command.1.tlog
g:\github\repositories\savetheworld\proj.win32\debug.win32\savetheworld.tlog\cl.read.1.tlog
g:\github\repositories\savetheworld\proj.win32\debug.win32\savetheworld.tlog\cl.write.1.tlog
g:\github\repositories\savetheworld\proj.win32\debug.win32\savetheworld.tlog\link.command.1.tlog
g:\github\repositories\savetheworld\proj.win32\debug.win32\savetheworld.tlog\link.read.1.tlog
g:\github\repositories\savetheworld\proj.win32\debug.win32\savetheworld.tlog\link.write.1.tlog
g:\github\repositories\savetheworld\proj.win32\debug.win32\savetheworld.tlog\rc.command.1.tlog
g:\github\repositories\savetheworld\proj.win32\debug.win32\savetheworld.tlog\rc.read.1.tlog
g:\github\repositories\savetheworld\proj.win32\debug.win32\savetheworld.tlog\rc.write.1.tlog
