Build started 5/10/2014 9:08:02 AM.
     1>Project "G:\GitHub\Repositories\SaveTheWorld\cocos2d\cocos\editor-support\cocostudio\proj.win32\libCocosStudio.vcxproj" on node 2 (Build target(s)).
     1>ClCompile:
         G:\Programming\VisualStudio\VC\bin\CL.exe /c /IG:\GitHub\Repositories\SaveTheWorld\cocos2d\cocos\2d\..\..\ /IG:\GitHub\Repositories\SaveTheWorld\cocos2d\cocos\2d\..\..\cocos /IG:\GitHub\Repositories\SaveTheWorld\cocos2d\cocos\2d\..\..\cocos\audio\include /I"G:\GitHub\Repositories\SaveTheWorld\cocos2d\cocos\2d\..\..\cocos\editor-support" /IG:\GitHub\Repositories\SaveTheWorld\cocos2d\cocos\2d\..\..\external /IG:\GitHub\Repositories\SaveTheWorld\cocos2d\cocos\2d\..\..\external\tinyxml2 /IG:\GitHub\Repositories\SaveTheWorld\cocos2d\cocos\2d\..\..\external\chipmunk\include\chipmunk /IG:\GitHub\Repositories\SaveTheWorld\cocos2d\cocos\2d\..\..\extensions /IG:\GitHub\Repositories\SaveTheWorld\cocos2d\cocos\2d\..\..\cocos /IG:\GitHub\Repositories\SaveTheWorld\cocos2d\cocos\2d\..\..\cocos\2d /IG:\GitHub\Repositories\SaveTheWorld\cocos2d\cocos\2d\..\..\cocos\2d\renderer /IG:\GitHub\Repositories\SaveTheWorld\cocos2d\cocos\2d\..\..\cocos\ui /IG:\GitHub\Repositories\SaveTheWorld\cocos2d\cocos\2d\..\..\cocos\base /IG:\GitHub\Repositories\SaveTheWorld\cocos2d\cocos\2d\..\..\cocos\physics /IG:\GitHub\Repositories\SaveTheWorld\cocos2d\cocos\2d\..\..\cocos\math\kazmath /IG:\GitHub\Repositories\SaveTheWorld\cocos2d\cocos\2d\..\..\cocos\2d\platform\win32 /IG:\GitHub\Repositories\SaveTheWorld\cocos2d\cocos\2d\..\..\cocos\2d\platform\desktop /IG:\GitHub\Repositories\SaveTheWorld\cocos2d\cocos\2d\..\..\external\glfw3\include\win32 /I"G:\GitHub\Repositories\SaveTheWorld\cocos2d\cocos\2d\..\..\external\win32-specific\gles\include\OGLES" /Z7 /nologo /W3 /WX- /MP /Od /Oy- /D WIN32 /D _DEBUG /D _WINDOWS /D _LIB /D COCOS2DXWIN32_EXPORTS /D GL_GLEXT_PROTOTYPES /D COCOS2D_DEBUG=1 /D _CRT_SECURE_NO_WARNINGS /D _SCL_SECURE_NO_WARNINGS /D _VARIADIC_MAX=10 /D _UNICODE /D UNICODE /Gm- /EHsc /RTC1 /MDd /GS /fp:precise /Zc:wchar_t /Zc:forScope /Fo"Debug.win32\\" /Fd"Debug.win32\vc120.pdb" /Gd /TP /wd4267 /wd4251 /wd4244 /analyze- /errorReport:prompt ..\CCActionFrame.cpp ..\CCActionFrameEasing.cpp ..\CCActionManagerEx.cpp ..\CCActionNode.cpp ..\CCActionObject.cpp ..\CCArmature.cpp ..\CCArmatureAnimation.cpp ..\CCArmatureDataManager.cpp ..\CCArmatureDefine.cpp ..\CCBatchNode.cpp ..\CCBone.cpp ..\CCColliderDetector.cpp ..\CCComAttribute.cpp ..\CCComAudio.cpp ..\CCComController.cpp ..\CCComRender.cpp ..\CCDataReaderHelper.cpp ..\CCDatas.cpp ..\CCDecorativeDisplay.cpp ..\CCDisplayFactory.cpp ..\CCDisplayManager.cpp ..\CCInputDelegate.cpp ..\CCProcessBase.cpp ..\CCSGUIReader.cpp ..\CCSkin.cpp ..\CCSpriteFrameCacheHelper.cpp ..\CCSSceneReader.cpp ..\CCTransformHelp.cpp ..\CCTween.cpp ..\CCUtilMath.cpp ..\DictionaryHelper.cpp ..\ObjectFactory.cpp ..\TriggerBase.cpp ..\TriggerMng.cpp ..\TriggerObj.cpp ..\WidgetReader\ButtonReader\ButtonReader.cpp ..\WidgetReader\CheckBoxReader\CheckBoxReader.cpp ..\WidgetReader\ImageViewReader\ImageViewReader.cpp ..\WidgetReader\LayoutReader\LayoutReader.cpp ..\WidgetReader\ListViewReader\ListViewReader.cpp ..\WidgetReader\LoadingBarReader\LoadingBarReader.cpp ..\WidgetReader\PageViewReader\PageViewReader.cpp ..\WidgetReader\ScrollViewReader\ScrollViewReader.cpp ..\WidgetReader\SliderReader\SliderReader.cpp ..\WidgetReader\TextAtlasReader\TextAtlasReader.cpp ..\WidgetReader\TextBMFontReader\TextBMFontReader.cpp ..\WidgetReader\TextFieldReader\TextFieldReader.cpp ..\WidgetReader\TextReader\TextReader.cpp ..\WidgetReader\WidgetReader.cpp
         CCActionFrame.cpp
         CCActionFrameEasing.cpp
         CCActionManagerEx.cpp
         CCActionNode.cpp
         CCActionObject.cpp
         CCArmature.cpp
         CCArmatureAnimation.cpp
         CCArmatureDataManager.cpp
         CCArmatureDefine.cpp
         CCBatchNode.cpp
         CCBone.cpp
         CCColliderDetector.cpp
         CCComAttribute.cpp
         CCComAudio.cpp
         CCComController.cpp
         CCComRender.cpp
         CCDataReaderHelper.cpp
         CCDatas.cpp
         CCDecorativeDisplay.cpp
         CCDisplayFactory.cpp
         CCDisplayManager.cpp
         CCInputDelegate.cpp
         CCProcessBase.cpp
         CCSGUIReader.cpp
         CCSkin.cpp
         CCSpriteFrameCacheHelper.cpp
         CCSSceneReader.cpp
         CCTransformHelp.cpp
         CCTween.cpp
         CCUtilMath.cpp
         DictionaryHelper.cpp
         ObjectFactory.cpp
         TriggerBase.cpp
         TriggerMng.cpp
         TriggerObj.cpp
         ButtonReader.cpp
         CheckBoxReader.cpp
         ImageViewReader.cpp
         LayoutReader.cpp
         ListViewReader.cpp
         LoadingBarReader.cpp
         PageViewReader.cpp
         ScrollViewReader.cpp
         SliderReader.cpp
         TextAtlasReader.cpp
         TextBMFontReader.cpp
         TextFieldReader.cpp
         TextReader.cpp
         WidgetReader.cpp
       Lib:
         G:\Programming\VisualStudio\VC\bin\Lib.exe /OUT:"G:\GitHub\Repositories\SaveTheWorld\proj.win32\Debug.win32\libCocosStudio.lib" /NOLOGO Debug.win32\CCActionFrame.obj
         Debug.win32\CCActionFrameEasing.obj
         Debug.win32\CCActionManagerEx.obj
         Debug.win32\CCActionNode.obj
         Debug.win32\CCActionObject.obj
         Debug.win32\CCArmature.obj
         Debug.win32\CCArmatureAnimation.obj
         Debug.win32\CCArmatureDataManager.obj
         Debug.win32\CCArmatureDefine.obj
         Debug.win32\CCBatchNode.obj
         Debug.win32\CCBone.obj
         Debug.win32\CCColliderDetector.obj
         Debug.win32\CCComAttribute.obj
         Debug.win32\CCComAudio.obj
         Debug.win32\CCComController.obj
         Debug.win32\CCComRender.obj
         Debug.win32\CCDataReaderHelper.obj
         Debug.win32\CCDatas.obj
         Debug.win32\CCDecorativeDisplay.obj
         Debug.win32\CCDisplayFactory.obj
         Debug.win32\CCDisplayManager.obj
         Debug.win32\CCInputDelegate.obj
         Debug.win32\CCProcessBase.obj
         Debug.win32\CCSGUIReader.obj
         Debug.win32\CCSkin.obj
         Debug.win32\CCSpriteFrameCacheHelper.obj
         Debug.win32\CCSSceneReader.obj
         Debug.win32\CCTransformHelp.obj
         Debug.win32\CCTween.obj
         Debug.win32\CCUtilMath.obj
         Debug.win32\DictionaryHelper.obj
         Debug.win32\ObjectFactory.obj
         Debug.win32\TriggerBase.obj
         Debug.win32\TriggerMng.obj
         Debug.win32\TriggerObj.obj
         Debug.win32\ButtonReader.obj
         Debug.win32\CheckBoxReader.obj
         Debug.win32\ImageViewReader.obj
         Debug.win32\LayoutReader.obj
         Debug.win32\ListViewReader.obj
         Debug.win32\LoadingBarReader.obj
         Debug.win32\PageViewReader.obj
         Debug.win32\ScrollViewReader.obj
         Debug.win32\SliderReader.obj
         Debug.win32\TextAtlasReader.obj
         Debug.win32\TextBMFontReader.obj
         Debug.win32\TextFieldReader.obj
         Debug.win32\TextReader.obj
         Debug.win32\WidgetReader.obj
         libCocosStudio.vcxproj -> G:\GitHub\Repositories\SaveTheWorld\proj.win32\Debug.win32\libCocosStudio.lib
     1>Done Building Project "G:\GitHub\Repositories\SaveTheWorld\cocos2d\cocos\editor-support\cocostudio\proj.win32\libCocosStudio.vcxproj" (Build target(s)).

Build succeeded.

Time Elapsed 00:02:44.51
