Build started 5/10/2014 11:16:47 AM.
     1>Project "G:\GitHub\Repositories\SaveTheWorld\cocos2d\cocos\2d\cocos2d.vcxproj" on node 2 (Build target(s)).
     1>PreLinkEvent:
         if not exist "G:\GitHub\Repositories\SaveTheWorld\proj.win32\Debug.win32\" mkdir "G:\GitHub\Repositories\SaveTheWorld\proj.win32\Debug.win32\"
         xcopy /Y /Q "G:\GitHub\Repositories\SaveTheWorld\cocos2d\cocos\2d\..\..\external\freetype2\prebuilt\win32\*.*" "G:\GitHub\Repositories\SaveTheWorld\proj.win32\Debug.win32\"
         xcopy /Y /Q "G:\GitHub\Repositories\SaveTheWorld\cocos2d\cocos\2d\..\..\external\glfw3\prebuilt\win32\*.*" "G:\GitHub\Repositories\SaveTheWorld\proj.win32\Debug.win32\"
         xcopy /Y /Q "G:\GitHub\Repositories\SaveTheWorld\cocos2d\cocos\2d\..\..\external\curl\prebuilt\win32\*.*" "G:\GitHub\Repositories\SaveTheWorld\proj.win32\Debug.win32\"
         xcopy /Y /Q "G:\GitHub\Repositories\SaveTheWorld\cocos2d\cocos\2d\..\..\external\jpeg\prebuilt\win32\*.*" "G:\GitHub\Repositories\SaveTheWorld\proj.win32\Debug.win32\"
         xcopy /Y /Q "G:\GitHub\Repositories\SaveTheWorld\cocos2d\cocos\2d\..\..\external\png\prebuilt\win32\*.*" "G:\GitHub\Repositories\SaveTheWorld\proj.win32\Debug.win32\"
         xcopy /Y /Q "G:\GitHub\Repositories\SaveTheWorld\cocos2d\cocos\2d\..\..\external\tiff\prebuilt\win32\*.*" "G:\GitHub\Repositories\SaveTheWorld\proj.win32\Debug.win32\"
         xcopy /Y /Q "G:\GitHub\Repositories\SaveTheWorld\cocos2d\cocos\2d\..\..\external\webp\prebuilt\win32\*.*" "G:\GitHub\Repositories\SaveTheWorld\proj.win32\Debug.win32\"
         xcopy /Y /Q "G:\GitHub\Repositories\SaveTheWorld\cocos2d\cocos\2d\..\..\external\win32-specific\zlib\prebuilt\*.*" "G:\GitHub\Repositories\SaveTheWorld\proj.win32\Debug.win32\"
         xcopy /Y /Q "G:\GitHub\Repositories\SaveTheWorld\cocos2d\cocos\2d\..\..\external\win32-specific\icon\prebuilt\*.*" "G:\GitHub\Repositories\SaveTheWorld\proj.win32\Debug.win32\"
         xcopy /Y /Q "G:\GitHub\Repositories\SaveTheWorld\cocos2d\cocos\2d\..\..\external\win32-specific\gles\prebuilt\*.*" "G:\GitHub\Repositories\SaveTheWorld\proj.win32\Debug.win32\"
         
         :VCEnd
         1 File(s) copied
         1 File(s) copied
         2 File(s) copied
         1 File(s) copied
         1 File(s) copied
         2 File(s) copied
         1 File(s) copied
         2 File(s) copied
         2 File(s) copied
         2 File(s) copied
       Lib:
         cocos2d.vcxproj -> G:\GitHub\Repositories\SaveTheWorld\proj.win32\Debug.win32\libcocos2d.lib
     1>Done Building Project "G:\GitHub\Repositories\SaveTheWorld\cocos2d\cocos\2d\cocos2d.vcxproj" (Build target(s)).

Build succeeded.

Time Elapsed 00:00:00.57
