g:\test\cocos\uber-jump-master\cocos2d\cocos\2d\debug.win32\unzip.obj
g:\test\cocos\uber-jump-master\cocos2d\cocos\2d\debug.win32\ccaffinetransform.obj
g:\test\cocos\uber-jump-master\cocos2d\cocos\2d\debug.win32\ccdatavisitor.obj
g:\test\cocos\uber-jump-master\cocos2d\cocos\2d\debug.win32\ccvalue.obj
g:\test\cocos\uber-jump-master\cocos2d\cocos\2d\debug.win32\ccnotificationcenter.obj
g:\test\cocos\uber-jump-master\cocos2d\cocos\2d\debug.win32\aabb.obj
g:\test\cocos\uber-jump-master\cocos2d\cocos\2d\debug.win32\matrix.obj
g:\test\cocos\uber-jump-master\cocos2d\cocos\2d\debug.win32\mat4.obj
g:\test\cocos\uber-jump-master\cocos2d\cocos\2d\debug.win32\plane.obj
g:\test\cocos\uber-jump-master\cocos2d\cocos\2d\debug.win32\ray3.obj
g:\test\cocos\uber-jump-master\cocos2d\cocos\2d\debug.win32\vec2.obj
g:\test\cocos\uber-jump-master\cocos2d\cocos\2d\debug.win32\vec4.obj
g:\test\cocos\uber-jump-master\cocos2d\cocos\2d\debug.win32\ccphysicscontact.obj
g:\test\cocos\uber-jump-master\cocos2d\cocos\2d\debug.win32\ccphysicsworld.obj
g:\test\cocos\uber-jump-master\cocos2d\cocos\2d\debug.win32\ccactioncatmullrom.obj
g:\test\cocos\uber-jump-master\cocos2d\cocos\2d\debug.win32\ccactioninstant.obj
g:\test\cocos\uber-jump-master\cocos2d\cocos\2d\debug.win32\ccactionpageturn3d.obj
g:\test\cocos\uber-jump-master\cocos2d\cocos\2d\debug.win32\ccanimation.obj
g:\test\cocos\uber-jump-master\cocos2d\cocos\2d\debug.win32\ccclippingnode.obj
g:\test\cocos\uber-jump-master\cocos2d\cocos\2d\debug.win32\ccdrawingprimitives.obj
g:\test\cocos\uber-jump-master\cocos2d\cocos\2d\debug.win32\cceventdispatcher.obj
g:\test\cocos\uber-jump-master\cocos2d\cocos\2d\debug.win32\cceventtouch.obj
g:\test\cocos\uber-jump-master\cocos2d\cocos\2d\debug.win32\ccfontcharmap.obj
g:\test\cocos\uber-jump-master\cocos2d\cocos\2d\debug.win32\ccglstatecache.obj
g:\test\cocos\uber-jump-master\cocos2d\cocos\2d\debug.win32\ccimedispatcher.obj
g:\test\cocos\uber-jump-master\cocos2d\cocos\2d\debug.win32\cclabelatlas.obj
g:\test\cocos\uber-jump-master\cocos2d\cocos\2d\debug.win32\cclayer.obj
g:\test\cocos\uber-jump-master\cocos2d\cocos\2d\debug.win32\ccnode.obj
g:\test\cocos\uber-jump-master\cocos2d\cocos\2d\debug.win32\ccparticlesystemquad.obj
g:\test\cocos\uber-jump-master\cocos2d\cocos\2d\debug.win32\ccscene.obj
g:\test\cocos\uber-jump-master\cocos2d\cocos\2d\debug.win32\ccshadercache.obj
g:\test\cocos\uber-jump-master\cocos2d\cocos\2d\debug.win32\ccspriteframecache.obj
g:\test\cocos\uber-jump-master\cocos2d\cocos\2d\debug.win32\cctexturecache.obj
g:\test\cocos\uber-jump-master\cocos2d\cocos\2d\debug.win32\cctmxtiledmap.obj
g:\test\cocos\uber-jump-master\cocos2d\cocos\2d\debug.win32\cctransitionprogress.obj
g:\test\cocos\uber-jump-master\cocos2d\cocos\2d\debug.win32\ccutils.obj
g:\test\cocos\uber-jump-master\cocos2d\cocos\2d\debug.win32\ccvertex.obj
g:\test\cocos\uber-jump-master\cocos2d\cocos\2d\debug.win32\ccsaxparser.obj
g:\test\cocos\uber-jump-master\cocos2d\cocos\2d\debug.win32\ccglview.obj
g:\test\cocos\uber-jump-master\cocos2d\cocos\2d\debug.win32\ccbatchcommand.obj
g:\test\cocos\uber-jump-master\cocos2d\cocos\2d\debug.win32\ccmaterialmanager.obj
g:\test\cocos\uber-jump-master\cocos2d\cocos\2d\debug.win32\ccrenderer.obj
g:\test\cocos\uber-jump-master\cocos2d\cocos\2d\debug.win32\tinyxml2.obj
g:\test\cocos\uber-jump-master\cocos2d\cocos\2d\debug.win32\ccautoreleasepool.obj
g:\test\cocos\uber-jump-master\cocos2d\cocos\2d\debug.win32\ccgeometry.obj
g:\test\cocos\uber-jump-master\cocos2d\cocos\2d\debug.win32\ccref.obj
g:\test\cocos\uber-jump-master\cocos2d\cocos\2d\debug.win32\ccdictionary.obj
g:\test\cocos\uber-jump-master\cocos2d\cocos\2d\debug.win32\mat4stack.obj
g:\test\cocos\uber-jump-master\cocos2d\cocos\2d\debug.win32\mat3.obj
g:\test\cocos\uber-jump-master\cocos2d\cocos\2d\debug.win32\neon_matrix_impl.obj
g:\test\cocos\uber-jump-master\cocos2d\cocos\2d\debug.win32\quaternion.obj
g:\test\cocos\uber-jump-master\cocos2d\cocos\2d\debug.win32\ray2.obj
g:\test\cocos\uber-jump-master\cocos2d\cocos\2d\debug.win32\utility.obj
g:\test\cocos\uber-jump-master\cocos2d\cocos\2d\debug.win32\vec3.obj
g:\test\cocos\uber-jump-master\cocos2d\cocos\2d\debug.win32\ccphysicsbody.obj
g:\test\cocos\uber-jump-master\cocos2d\cocos\2d\debug.win32\ccphysicscontactinfo_chipmunk.obj
g:\test\cocos\uber-jump-master\cocos2d\cocos\2d\debug.win32\ccphysicsshapeinfo_chipmunk.obj
g:\test\cocos\uber-jump-master\cocos2d\cocos\2d\debug.win32\ccaction.obj
g:\test\cocos\uber-jump-master\cocos2d\cocos\2d\debug.win32\ccactiongrid.obj
g:\test\cocos\uber-jump-master\cocos2d\cocos\2d\debug.win32\ccactionprogresstimer.obj
g:\test\cocos\uber-jump-master\cocos2d\cocos\2d\debug.win32\ccanimationcache.obj
g:\test\cocos\uber-jump-master\cocos2d\cocos\2d\debug.win32\cccomponent.obj
g:\test\cocos\uber-jump-master\cocos2d\cocos\2d\debug.win32\ccdirector.obj
g:\test\cocos\uber-jump-master\cocos2d\cocos\2d\debug.win32\cceventcustom.obj
g:\test\cocos\uber-jump-master\cocos2d\cocos\2d\debug.win32\cceventlisteneracceleration.obj
g:\test\cocos\uber-jump-master\cocos2d\cocos\2d\debug.win32\cceventlistenertouch.obj
g:\test\cocos\uber-jump-master\cocos2d\cocos\2d\debug.win32\ccfontatlascache.obj
g:\test\cocos\uber-jump-master\cocos2d\cocos\2d\debug.win32\ccfpsimages.obj
g:\test\cocos\uber-jump-master\cocos2d\cocos\2d\debug.win32\ccglprogram.obj
g:\test\cocos\uber-jump-master\cocos2d\cocos\2d\debug.win32\ccgrid.obj
g:\test\cocos\uber-jump-master\cocos2d\cocos\2d\debug.win32\cclabelbmfont.obj
g:\test\cocos\uber-jump-master\cocos2d\cocos\2d\debug.win32\ccmenu.obj
g:\test\cocos\uber-jump-master\cocos2d\cocos\2d\debug.win32\ccparallaxnode.obj
g:\test\cocos\uber-jump-master\cocos2d\cocos\2d\debug.win32\ccparticlesystem.obj
g:\test\cocos\uber-jump-master\cocos2d\cocos\2d\debug.win32\ccrendertexture.obj
g:\test\cocos\uber-jump-master\cocos2d\cocos\2d\debug.win32\ccsprite.obj
g:\test\cocos\uber-jump-master\cocos2d\cocos\2d\debug.win32\cctextureatlas.obj
g:\test\cocos\uber-jump-master\cocos2d\cocos\2d\debug.win32\cctmxobjectgroup.obj
g:\test\cocos\uber-jump-master\cocos2d\cocos\2d\debug.win32\cctmxxmlparser.obj
g:\test\cocos\uber-jump-master\cocos2d\cocos\2d\debug.win32\cctypes.obj
g:\test\cocos\uber-jump-master\cocos2d\cocos\2d\debug.win32\ccuserdefault.obj
g:\test\cocos\uber-jump-master\cocos2d\cocos\2d\debug.win32\ccfileutils.obj
g:\test\cocos\uber-jump-master\cocos2d\cocos\2d\debug.win32\cccommon.obj
g:\test\cocos\uber-jump-master\cocos2d\cocos\2d\debug.win32\ccdevice.obj
g:\test\cocos\uber-jump-master\cocos2d\cocos\2d\debug.win32\ccfrustum.obj
g:\test\cocos\uber-jump-master\cocos2d\cocos\2d\debug.win32\ccrendercommand.obj
g:\test\cocos\uber-jump-master\cocos2d\cocos\2d\debug.win32\tgalib.obj
g:\test\cocos\uber-jump-master\cocos2d\cocos\2d\debug.win32\ioapi.obj
g:\test\cocos\uber-jump-master\cocos2d\cocos\2d\debug.win32\atitc.obj
g:\test\cocos\uber-jump-master\cocos2d\cocos\2d\debug.win32\ccdata.obj
g:\test\cocos\uber-jump-master\cocos2d\cocos\2d\debug.win32\ccns.obj
g:\test\cocos\uber-jump-master\cocos2d\cocos\2d\debug.win32\s3tc.obj
g:\test\cocos\uber-jump-master\cocos2d\cocos\2d\debug.win32\ccdeprecated.obj
g:\test\cocos\uber-jump-master\cocos2d\cocos\2d\debug.win32\ccphysicsshape.obj
g:\test\cocos\uber-jump-master\cocos2d\cocos\2d\debug.win32\ccphysicsbodyinfo_chipmunk.obj
g:\test\cocos\uber-jump-master\cocos2d\cocos\2d\debug.win32\ccphysicsjointinfo_chipmunk.obj
g:\test\cocos\uber-jump-master\cocos2d\cocos\2d\debug.win32\base64.obj
g:\test\cocos\uber-jump-master\cocos2d\cocos\2d\debug.win32\ccactioncamera.obj
g:\test\cocos\uber-jump-master\cocos2d\cocos\2d\debug.win32\ccactiongrid3d.obj
g:\test\cocos\uber-jump-master\cocos2d\cocos\2d\debug.win32\ccactionmanager.obj
g:\test\cocos\uber-jump-master\cocos2d\cocos\2d\debug.win32\ccactiontween.obj
g:\test\cocos\uber-jump-master\cocos2d\cocos\2d\debug.win32\cccarray.obj
g:\test\cocos\uber-jump-master\cocos2d\cocos\2d\debug.win32\cccomponentcontainer.obj
g:\test\cocos\uber-jump-master\cocos2d\cocos\2d\debug.win32\ccevent.obj
g:\test\cocos\uber-jump-master\cocos2d\cocos\2d\debug.win32\cceventacceleration.obj
g:\test\cocos\uber-jump-master\cocos2d\cocos\2d\debug.win32\cceventlistener.obj
g:\test\cocos\uber-jump-master\cocos2d\cocos\2d\debug.win32\cceventlistenerkeyboard.obj
g:\test\cocos\uber-jump-master\cocos2d\cocos\2d\debug.win32\cceventmouse.obj
g:\test\cocos\uber-jump-master\cocos2d\cocos\2d\debug.win32\ccfontatlas.obj
g:\test\cocos\uber-jump-master\cocos2d\cocos\2d\debug.win32\ccfontfreetype.obj
g:\test\cocos\uber-jump-master\cocos2d\cocos\2d\debug.win32\ccnodegrid.obj
g:\test\cocos\uber-jump-master\cocos2d\cocos\2d\debug.win32\cclabeltextformatter.obj
g:\test\cocos\uber-jump-master\cocos2d\cocos\2d\debug.win32\ccmenuitem.obj
g:\test\cocos\uber-jump-master\cocos2d\cocos\2d\debug.win32\ccparticlebatchnode.obj
g:\test\cocos\uber-jump-master\cocos2d\cocos\2d\debug.win32\ccprofiling.obj
g:\test\cocos\uber-jump-master\cocos2d\cocos\2d\debug.win32\ccscheduler.obj
g:\test\cocos\uber-jump-master\cocos2d\cocos\2d\debug.win32\ccshaders.obj
g:\test\cocos\uber-jump-master\cocos2d\cocos\2d\debug.win32\ccspritebatchnode.obj
g:\test\cocos\uber-jump-master\cocos2d\cocos\2d\debug.win32\cctextfieldttf.obj
g:\test\cocos\uber-jump-master\cocos2d\cocos\2d\debug.win32\cctilemapatlas.obj
g:\test\cocos\uber-jump-master\cocos2d\cocos\2d\debug.win32\cctouch.obj
g:\test\cocos\uber-jump-master\cocos2d\cocos\2d\debug.win32\cctransitionpageturn.obj
g:\test\cocos\uber-jump-master\cocos2d\cocos\2d\debug.win32\ccutf8.obj
g:\test\cocos\uber-jump-master\cocos2d\cocos\2d\debug.win32\ccimage.obj
g:\test\cocos\uber-jump-master\cocos2d\cocos\2d\debug.win32\ccapplication.obj
g:\test\cocos\uber-jump-master\cocos2d\cocos\2d\debug.win32\ccstdc.obj
g:\test\cocos\uber-jump-master\cocos2d\cocos\2d\debug.win32\cccustomcommand.obj
g:\test\cocos\uber-jump-master\cocos2d\cocos\2d\debug.win32\ccquadcommand.obj
g:\test\cocos\uber-jump-master\cocos2d\cocos\2d\debug.win32\ziputils.obj
g:\test\cocos\uber-jump-master\cocos2d\cocos\2d\debug.win32\edtaa3func.obj
g:\test\cocos\uber-jump-master\cocos2d\cocos\2d\debug.win32\xxhash.obj
g:\test\cocos\uber-jump-master\cocos2d\cocos\2d\debug.win32\ccconsole.obj
g:\test\cocos\uber-jump-master\cocos2d\cocos\2d\debug.win32\etc1.obj
g:\test\cocos\uber-jump-master\cocos2d\cocos\2d\debug.win32\ccarray.obj
g:\test\cocos\uber-jump-master\cocos2d\cocos\2d\debug.win32\ccset.obj
g:\test\cocos\uber-jump-master\cocos2d\cocos\2d\debug.win32\ccstring.obj
g:\test\cocos\uber-jump-master\cocos2d\cocos\2d\debug.win32\ccphysicsjoint.obj
g:\test\cocos\uber-jump-master\cocos2d\cocos\2d\debug.win32\ccphysicsworldinfo_chipmunk.obj
g:\test\cocos\uber-jump-master\cocos2d\cocos\2d\debug.win32\ccactionease.obj
g:\test\cocos\uber-jump-master\cocos2d\cocos\2d\debug.win32\ccactioninterval.obj
g:\test\cocos\uber-jump-master\cocos2d\cocos\2d\debug.win32\ccactiontiledgrid.obj
g:\test\cocos\uber-jump-master\cocos2d\cocos\2d\debug.win32\ccatlasnode.obj
g:\test\cocos\uber-jump-master\cocos2d\cocos\2d\debug.win32\ccconfiguration.obj
g:\test\cocos\uber-jump-master\cocos2d\cocos\2d\debug.win32\ccdrawnode.obj
g:\test\cocos\uber-jump-master\cocos2d\cocos\2d\debug.win32\cceventkeyboard.obj
g:\test\cocos\uber-jump-master\cocos2d\cocos\2d\debug.win32\cceventlistenercustom.obj
g:\test\cocos\uber-jump-master\cocos2d\cocos\2d\debug.win32\cceventlistenermouse.obj
g:\test\cocos\uber-jump-master\cocos2d\cocos\2d\debug.win32\ccfont.obj
g:\test\cocos\uber-jump-master\cocos2d\cocos\2d\debug.win32\ccfontfnt.obj
g:\test\cocos\uber-jump-master\cocos2d\cocos\2d\debug.win32\ccgrabber.obj
g:\test\cocos\uber-jump-master\cocos2d\cocos\2d\debug.win32\cclabel.obj
g:\test\cocos\uber-jump-master\cocos2d\cocos\2d\debug.win32\cclabelttf.obj
g:\test\cocos\uber-jump-master\cocos2d\cocos\2d\debug.win32\ccmotionstreak.obj
g:\test\cocos\uber-jump-master\cocos2d\cocos\2d\debug.win32\ccparticleexamples.obj
g:\test\cocos\uber-jump-master\cocos2d\cocos\2d\debug.win32\ccprogresstimer.obj
g:\test\cocos\uber-jump-master\cocos2d\cocos\2d\debug.win32\ccscriptsupport.obj
g:\test\cocos\uber-jump-master\cocos2d\cocos\2d\debug.win32\ccspriteframe.obj
g:\test\cocos\uber-jump-master\cocos2d\cocos\2d\debug.win32\cctexture2d.obj
g:\test\cocos\uber-jump-master\cocos2d\cocos\2d\debug.win32\cctmxlayer.obj
g:\test\cocos\uber-jump-master\cocos2d\cocos\2d\debug.win32\cctransition.obj
g:\test\cocos\uber-jump-master\cocos2d\cocos\2d\debug.win32\cctweenfunction.obj
g:\test\cocos\uber-jump-master\cocos2d\cocos\2d\debug.win32\cocos2d.obj
g:\test\cocos\uber-jump-master\cocos2d\cocos\2d\debug.win32\ccglviewprotocol.obj
g:\test\cocos\uber-jump-master\cocos2d\cocos\2d\debug.win32\ccthread.obj
g:\test\cocos\uber-jump-master\cocos2d\cocos\2d\debug.win32\ccfileutilswin32.obj
g:\test\cocos\uber-jump-master\cocos2d\cocos\2d\debug.win32\ccgroupcommand.obj
g:\test\cocos\uber-jump-master\cocos2d\cocos\2d\debug.win32\ccrendermaterial.obj
g:\test\cocos\uber-jump-master\cocos2d\cocos\2d\debug.win32\transformutils.obj
g:\github\repositories\savetheworld\cocos2d\cocos\2d\debug.win32\unzip.obj
g:\github\repositories\savetheworld\cocos2d\cocos\2d\debug.win32\ccaffinetransform.obj
g:\github\repositories\savetheworld\cocos2d\cocos\2d\debug.win32\ccdatavisitor.obj
g:\github\repositories\savetheworld\cocos2d\cocos\2d\debug.win32\ccref.obj
g:\github\repositories\savetheworld\cocos2d\cocos\2d\debug.win32\ccdictionary.obj
g:\github\repositories\savetheworld\cocos2d\cocos\2d\debug.win32\ccstring.obj
g:\github\repositories\savetheworld\cocos2d\cocos\2d\debug.win32\ccphysicsjoint.obj
g:\github\repositories\savetheworld\cocos2d\cocos\2d\debug.win32\ccphysicsworldinfo_chipmunk.obj
g:\github\repositories\savetheworld\cocos2d\cocos\2d\debug.win32\ccactioncatmullrom.obj
g:\github\repositories\savetheworld\cocos2d\cocos\2d\debug.win32\ccactioninstant.obj
g:\github\repositories\savetheworld\cocos2d\cocos\2d\debug.win32\ccactionprogresstimer.obj
g:\github\repositories\savetheworld\cocos2d\cocos\2d\debug.win32\ccanimationcache.obj
g:\github\repositories\savetheworld\cocos2d\cocos\2d\debug.win32\cccomponentcontainer.obj
g:\github\repositories\savetheworld\cocos2d\cocos\2d\debug.win32\ccdrawnode.obj
g:\github\repositories\savetheworld\cocos2d\cocos\2d\debug.win32\cceventdispatcher.obj
g:\github\repositories\savetheworld\cocos2d\cocos\2d\debug.win32\ccfont.obj
g:\github\repositories\savetheworld\cocos2d\cocos\2d\debug.win32\ccfontfnt.obj
g:\github\repositories\savetheworld\cocos2d\cocos\2d\debug.win32\ccgrabber.obj
g:\github\repositories\savetheworld\cocos2d\cocos\2d\debug.win32\cclabel.obj
g:\github\repositories\savetheworld\cocos2d\cocos\2d\debug.win32\cclabelttf.obj
g:\github\repositories\savetheworld\cocos2d\cocos\2d\debug.win32\ccmotionstreak.obj
g:\github\repositories\savetheworld\cocos2d\cocos\2d\debug.win32\ccparticleexamples.obj
g:\github\repositories\savetheworld\cocos2d\cocos\2d\debug.win32\ccprogresstimer.obj
g:\github\repositories\savetheworld\cocos2d\cocos\2d\debug.win32\ccscriptsupport.obj
g:\github\repositories\savetheworld\cocos2d\cocos\2d\debug.win32\ccspriteframe.obj
g:\github\repositories\savetheworld\cocos2d\cocos\2d\debug.win32\cctextfieldttf.obj
g:\github\repositories\savetheworld\cocos2d\cocos\2d\debug.win32\cctilemapatlas.obj
g:\github\repositories\savetheworld\cocos2d\cocos\2d\debug.win32\cctouch.obj
g:\github\repositories\savetheworld\cocos2d\cocos\2d\debug.win32\cctransitionprogress.obj
g:\github\repositories\savetheworld\cocos2d\cocos\2d\debug.win32\ccutf8.obj
g:\github\repositories\savetheworld\cocos2d\cocos\2d\debug.win32\ccfileutils.obj
g:\github\repositories\savetheworld\cocos2d\cocos\2d\debug.win32\cccommon.obj
g:\github\repositories\savetheworld\cocos2d\cocos\2d\debug.win32\ccdevice.obj
g:\github\repositories\savetheworld\cocos2d\cocos\2d\debug.win32\ccfrustum.obj
g:\github\repositories\savetheworld\cocos2d\cocos\2d\debug.win32\ccrendercommand.obj
g:\github\repositories\savetheworld\cocos2d\cocos\2d\debug.win32\ziputils.obj
g:\github\repositories\savetheworld\cocos2d\cocos\2d\debug.win32\edtaa3func.obj
g:\github\repositories\savetheworld\cocos2d\cocos\2d\debug.win32\xxhash.obj
g:\github\repositories\savetheworld\cocos2d\cocos\2d\debug.win32\ccconsole.obj
g:\github\repositories\savetheworld\cocos2d\cocos\2d\debug.win32\etc1.obj
g:\github\repositories\savetheworld\cocos2d\cocos\2d\debug.win32\ccarray.obj
g:\github\repositories\savetheworld\cocos2d\cocos\2d\debug.win32\ccnotificationcenter.obj
g:\github\repositories\savetheworld\cocos2d\cocos\2d\debug.win32\mat3.obj
g:\github\repositories\savetheworld\cocos2d\cocos\2d\debug.win32\neon_matrix_impl.obj
g:\github\repositories\savetheworld\cocos2d\cocos\2d\debug.win32\quaternion.obj
g:\github\repositories\savetheworld\cocos2d\cocos\2d\debug.win32\ray3.obj
g:\github\repositories\savetheworld\cocos2d\cocos\2d\debug.win32\vec2.obj
g:\github\repositories\savetheworld\cocos2d\cocos\2d\debug.win32\vec4.obj
g:\github\repositories\savetheworld\cocos2d\cocos\2d\debug.win32\ccphysicscontact.obj
g:\github\repositories\savetheworld\cocos2d\cocos\2d\debug.win32\ccphysicsworld.obj
g:\github\repositories\savetheworld\cocos2d\cocos\2d\debug.win32\ccactionease.obj
g:\github\repositories\savetheworld\cocos2d\cocos\2d\debug.win32\ccactioninterval.obj
g:\github\repositories\savetheworld\cocos2d\cocos\2d\debug.win32\ccactiontiledgrid.obj
g:\github\repositories\savetheworld\cocos2d\cocos\2d\debug.win32\ccatlasnode.obj
g:\github\repositories\savetheworld\cocos2d\cocos\2d\debug.win32\ccconfiguration.obj
g:\github\repositories\savetheworld\cocos2d\cocos\2d\debug.win32\ccevent.obj
g:\github\repositories\savetheworld\cocos2d\cocos\2d\debug.win32\cceventacceleration.obj
g:\github\repositories\savetheworld\cocos2d\cocos\2d\debug.win32\cceventlistener.obj
g:\github\repositories\savetheworld\cocos2d\cocos\2d\debug.win32\cceventlistenerkeyboard.obj
g:\github\repositories\savetheworld\cocos2d\cocos\2d\debug.win32\cceventmouse.obj
g:\github\repositories\savetheworld\cocos2d\cocos\2d\debug.win32\ccfontatlas.obj
g:\github\repositories\savetheworld\cocos2d\cocos\2d\debug.win32\ccfontfreetype.obj
g:\github\repositories\savetheworld\cocos2d\cocos\2d\debug.win32\ccgrid.obj
g:\github\repositories\savetheworld\cocos2d\cocos\2d\debug.win32\cclabelbmfont.obj
g:\github\repositories\savetheworld\cocos2d\cocos\2d\debug.win32\ccmenu.obj
g:\github\repositories\savetheworld\cocos2d\cocos\2d\debug.win32\ccparallaxnode.obj
g:\github\repositories\savetheworld\cocos2d\cocos\2d\debug.win32\ccparticlesystem.obj
g:\github\repositories\savetheworld\cocos2d\cocos\2d\debug.win32\ccscene.obj
g:\github\repositories\savetheworld\cocos2d\cocos\2d\debug.win32\ccshadercache.obj
g:\github\repositories\savetheworld\cocos2d\cocos\2d\debug.win32\ccspriteframecache.obj
g:\github\repositories\savetheworld\cocos2d\cocos\2d\debug.win32\cctexturecache.obj
g:\github\repositories\savetheworld\cocos2d\cocos\2d\debug.win32\cctmxtiledmap.obj
g:\github\repositories\savetheworld\cocos2d\cocos\2d\debug.win32\cctransitionpageturn.obj
g:\github\repositories\savetheworld\cocos2d\cocos\2d\debug.win32\ccutils.obj
g:\github\repositories\savetheworld\cocos2d\cocos\2d\debug.win32\ccvertex.obj
g:\github\repositories\savetheworld\cocos2d\cocos\2d\debug.win32\ccsaxparser.obj
g:\github\repositories\savetheworld\cocos2d\cocos\2d\debug.win32\ccapplication.obj
g:\github\repositories\savetheworld\cocos2d\cocos\2d\debug.win32\ccstdc.obj
g:\github\repositories\savetheworld\cocos2d\cocos\2d\debug.win32\cccustomcommand.obj
g:\github\repositories\savetheworld\cocos2d\cocos\2d\debug.win32\ccquadcommand.obj
g:\github\repositories\savetheworld\cocos2d\cocos\2d\debug.win32\transformutils.obj
g:\github\repositories\savetheworld\cocos2d\cocos\2d\debug.win32\tinyxml2.obj
g:\github\repositories\savetheworld\cocos2d\cocos\2d\debug.win32\ccautoreleasepool.obj
g:\github\repositories\savetheworld\cocos2d\cocos\2d\debug.win32\ccgeometry.obj
g:\github\repositories\savetheworld\cocos2d\cocos\2d\debug.win32\ccvalue.obj
g:\github\repositories\savetheworld\cocos2d\cocos\2d\debug.win32\ccset.obj
g:\github\repositories\savetheworld\cocos2d\cocos\2d\debug.win32\aabb.obj
g:\github\repositories\savetheworld\cocos2d\cocos\2d\debug.win32\mat4stack.obj
g:\github\repositories\savetheworld\cocos2d\cocos\2d\debug.win32\matrix.obj
g:\github\repositories\savetheworld\cocos2d\cocos\2d\debug.win32\mat4.obj
g:\github\repositories\savetheworld\cocos2d\cocos\2d\debug.win32\plane.obj
g:\github\repositories\savetheworld\cocos2d\cocos\2d\debug.win32\ray2.obj
g:\github\repositories\savetheworld\cocos2d\cocos\2d\debug.win32\utility.obj
g:\github\repositories\savetheworld\cocos2d\cocos\2d\debug.win32\vec3.obj
g:\github\repositories\savetheworld\cocos2d\cocos\2d\debug.win32\ccphysicsbody.obj
g:\github\repositories\savetheworld\cocos2d\cocos\2d\debug.win32\ccphysicsbodyinfo_chipmunk.obj
g:\github\repositories\savetheworld\cocos2d\cocos\2d\debug.win32\ccphysicsjointinfo_chipmunk.obj
g:\github\repositories\savetheworld\cocos2d\cocos\2d\debug.win32\base64.obj
g:\github\repositories\savetheworld\cocos2d\cocos\2d\debug.win32\ccaction.obj
g:\github\repositories\savetheworld\cocos2d\cocos\2d\debug.win32\ccactiongrid.obj
g:\github\repositories\savetheworld\cocos2d\cocos\2d\debug.win32\ccactionpageturn3d.obj
g:\github\repositories\savetheworld\cocos2d\cocos\2d\debug.win32\ccanimation.obj
g:\github\repositories\savetheworld\cocos2d\cocos\2d\debug.win32\ccclippingnode.obj
g:\github\repositories\savetheworld\cocos2d\cocos\2d\debug.win32\ccdirector.obj
g:\github\repositories\savetheworld\cocos2d\cocos\2d\debug.win32\cceventkeyboard.obj
g:\github\repositories\savetheworld\cocos2d\cocos\2d\debug.win32\cceventlistenercustom.obj
g:\github\repositories\savetheworld\cocos2d\cocos\2d\debug.win32\cceventlistenermouse.obj
g:\github\repositories\savetheworld\cocos2d\cocos\2d\debug.win32\cceventtouch.obj
g:\github\repositories\savetheworld\cocos2d\cocos\2d\debug.win32\ccfontcharmap.obj
g:\github\repositories\savetheworld\cocos2d\cocos\2d\debug.win32\ccfpsimages.obj
g:\github\repositories\savetheworld\cocos2d\cocos\2d\debug.win32\ccglstatecache.obj
g:\github\repositories\savetheworld\cocos2d\cocos\2d\debug.win32\ccnodegrid.obj
g:\github\repositories\savetheworld\cocos2d\cocos\2d\debug.win32\cclabeltextformatter.obj
g:\github\repositories\savetheworld\cocos2d\cocos\2d\debug.win32\ccmenuitem.obj
g:\github\repositories\savetheworld\cocos2d\cocos\2d\debug.win32\ccparticlebatchnode.obj
g:\github\repositories\savetheworld\cocos2d\cocos\2d\debug.win32\ccprofiling.obj
g:\github\repositories\savetheworld\cocos2d\cocos\2d\debug.win32\ccscheduler.obj
g:\github\repositories\savetheworld\cocos2d\cocos\2d\debug.win32\ccspritebatchnode.obj
g:\github\repositories\savetheworld\cocos2d\cocos\2d\debug.win32\cctexture2d.obj
g:\github\repositories\savetheworld\cocos2d\cocos\2d\debug.win32\cctmxlayer.obj
g:\github\repositories\savetheworld\cocos2d\cocos\2d\debug.win32\cctransition.obj
g:\github\repositories\savetheworld\cocos2d\cocos\2d\debug.win32\cctweenfunction.obj
g:\github\repositories\savetheworld\cocos2d\cocos\2d\debug.win32\cocos2d.obj
g:\github\repositories\savetheworld\cocos2d\cocos\2d\debug.win32\ccglviewprotocol.obj
g:\github\repositories\savetheworld\cocos2d\cocos\2d\debug.win32\ccthread.obj
g:\github\repositories\savetheworld\cocos2d\cocos\2d\debug.win32\ccfileutilswin32.obj
g:\github\repositories\savetheworld\cocos2d\cocos\2d\debug.win32\ccgroupcommand.obj
g:\github\repositories\savetheworld\cocos2d\cocos\2d\debug.win32\ccrendermaterial.obj
g:\github\repositories\savetheworld\cocos2d\cocos\2d\debug.win32\tgalib.obj
g:\github\repositories\savetheworld\cocos2d\cocos\2d\debug.win32\ioapi.obj
g:\github\repositories\savetheworld\cocos2d\cocos\2d\debug.win32\atitc.obj
g:\github\repositories\savetheworld\cocos2d\cocos\2d\debug.win32\ccdata.obj
g:\github\repositories\savetheworld\cocos2d\cocos\2d\debug.win32\ccns.obj
g:\github\repositories\savetheworld\cocos2d\cocos\2d\debug.win32\s3tc.obj
g:\github\repositories\savetheworld\cocos2d\cocos\2d\debug.win32\ccdeprecated.obj
g:\github\repositories\savetheworld\cocos2d\cocos\2d\debug.win32\ccphysicsshape.obj
g:\github\repositories\savetheworld\cocos2d\cocos\2d\debug.win32\ccphysicscontactinfo_chipmunk.obj
g:\github\repositories\savetheworld\cocos2d\cocos\2d\debug.win32\ccphysicsshapeinfo_chipmunk.obj
g:\github\repositories\savetheworld\cocos2d\cocos\2d\debug.win32\ccactioncamera.obj
g:\github\repositories\savetheworld\cocos2d\cocos\2d\debug.win32\ccactiongrid3d.obj
g:\github\repositories\savetheworld\cocos2d\cocos\2d\debug.win32\ccactionmanager.obj
g:\github\repositories\savetheworld\cocos2d\cocos\2d\debug.win32\ccactiontween.obj
g:\github\repositories\savetheworld\cocos2d\cocos\2d\debug.win32\cccarray.obj
g:\github\repositories\savetheworld\cocos2d\cocos\2d\debug.win32\cccomponent.obj
g:\github\repositories\savetheworld\cocos2d\cocos\2d\debug.win32\ccdrawingprimitives.obj
g:\github\repositories\savetheworld\cocos2d\cocos\2d\debug.win32\cceventcustom.obj
g:\github\repositories\savetheworld\cocos2d\cocos\2d\debug.win32\cceventlisteneracceleration.obj
g:\github\repositories\savetheworld\cocos2d\cocos\2d\debug.win32\cceventlistenertouch.obj
g:\github\repositories\savetheworld\cocos2d\cocos\2d\debug.win32\ccfontatlascache.obj
g:\github\repositories\savetheworld\cocos2d\cocos\2d\debug.win32\ccglprogram.obj
g:\github\repositories\savetheworld\cocos2d\cocos\2d\debug.win32\ccimedispatcher.obj
g:\github\repositories\savetheworld\cocos2d\cocos\2d\debug.win32\cclabelatlas.obj
g:\github\repositories\savetheworld\cocos2d\cocos\2d\debug.win32\cclayer.obj
g:\github\repositories\savetheworld\cocos2d\cocos\2d\debug.win32\ccnode.obj
g:\github\repositories\savetheworld\cocos2d\cocos\2d\debug.win32\ccparticlesystemquad.obj
g:\github\repositories\savetheworld\cocos2d\cocos\2d\debug.win32\ccrendertexture.obj
g:\github\repositories\savetheworld\cocos2d\cocos\2d\debug.win32\ccshaders.obj
g:\github\repositories\savetheworld\cocos2d\cocos\2d\debug.win32\ccsprite.obj
g:\github\repositories\savetheworld\cocos2d\cocos\2d\debug.win32\cctextureatlas.obj
g:\github\repositories\savetheworld\cocos2d\cocos\2d\debug.win32\cctmxobjectgroup.obj
g:\github\repositories\savetheworld\cocos2d\cocos\2d\debug.win32\cctmxxmlparser.obj
g:\github\repositories\savetheworld\cocos2d\cocos\2d\debug.win32\cctypes.obj
g:\github\repositories\savetheworld\cocos2d\cocos\2d\debug.win32\ccuserdefault.obj
g:\github\repositories\savetheworld\cocos2d\cocos\2d\debug.win32\ccimage.obj
g:\github\repositories\savetheworld\cocos2d\cocos\2d\debug.win32\ccglview.obj
g:\github\repositories\savetheworld\cocos2d\cocos\2d\debug.win32\ccbatchcommand.obj
g:\github\repositories\savetheworld\cocos2d\cocos\2d\debug.win32\ccmaterialmanager.obj
g:\github\repositories\savetheworld\cocos2d\cocos\2d\debug.win32\ccrenderer.obj
g:\test\cocos\uber-jump-master\proj.win32\debug.win32\libcocos2d.lib
g:\github\repositories\savetheworld\proj.win32\debug.win32\libcocos2d.lib
g:\github\repositories\savetheworld\cocos2d\cocos\2d\debug.win32\libcocos2d.tlog\cl.command.1.tlog
g:\github\repositories\savetheworld\cocos2d\cocos\2d\debug.win32\libcocos2d.tlog\cl.read.1.tlog
g:\github\repositories\savetheworld\cocos2d\cocos\2d\debug.win32\libcocos2d.tlog\cl.write.1.tlog
g:\github\repositories\savetheworld\cocos2d\cocos\2d\debug.win32\libcocos2d.tlog\lib-link.read.1.tlog
g:\github\repositories\savetheworld\cocos2d\cocos\2d\debug.win32\libcocos2d.tlog\lib-link.write.1.tlog
g:\github\repositories\savetheworld\cocos2d\cocos\2d\debug.win32\libcocos2d.tlog\lib.command.1.tlog
