g:\github\repositories\savetheworld\cocos2d\extensions\proj.win32\debug.win32\assetsmanager.obj
g:\github\repositories\savetheworld\cocos2d\extensions\proj.win32\debug.win32\cccontrolslider.obj
g:\github\repositories\savetheworld\cocos2d\extensions\proj.win32\debug.win32\ccinvocation.obj
g:\github\repositories\savetheworld\cocos2d\extensions\proj.win32\debug.win32\cceditboximplwin.obj
g:\github\repositories\savetheworld\cocos2d\extensions\proj.win32\debug.win32\win32inputbox.obj
g:\github\repositories\savetheworld\cocos2d\extensions\proj.win32\debug.win32\cccontrolcolourpicker.obj
g:\github\repositories\savetheworld\cocos2d\extensions\proj.win32\debug.win32\cccontrolsaturationbrightnesspicker.obj
g:\github\repositories\savetheworld\cocos2d\extensions\proj.win32\debug.win32\cccontrolutils.obj
g:\github\repositories\savetheworld\cocos2d\extensions\proj.win32\debug.win32\cctableview.obj
g:\github\repositories\savetheworld\cocos2d\extensions\proj.win32\debug.win32\ccphysicssprite.obj
g:\github\repositories\savetheworld\cocos2d\extensions\proj.win32\debug.win32\cccontrol.obj
g:\github\repositories\savetheworld\cocos2d\extensions\proj.win32\debug.win32\cccontrolhuepicker.obj
g:\github\repositories\savetheworld\cocos2d\extensions\proj.win32\debug.win32\cccontrolstepper.obj
g:\github\repositories\savetheworld\cocos2d\extensions\proj.win32\debug.win32\ccscale9sprite.obj
g:\github\repositories\savetheworld\cocos2d\extensions\proj.win32\debug.win32\cceditbox.obj
g:\github\repositories\savetheworld\cocos2d\extensions\proj.win32\debug.win32\ccphysicsdebugnode.obj
g:\github\repositories\savetheworld\cocos2d\extensions\proj.win32\debug.win32\cccontrolbutton.obj
g:\github\repositories\savetheworld\cocos2d\extensions\proj.win32\debug.win32\cccontrolpotentiometer.obj
g:\github\repositories\savetheworld\cocos2d\extensions\proj.win32\debug.win32\cccontrolswitch.obj
g:\github\repositories\savetheworld\cocos2d\extensions\proj.win32\debug.win32\ccscrollview.obj
g:\github\repositories\savetheworld\cocos2d\extensions\proj.win32\debug.win32\cctableviewcell.obj
g:\github\repositories\savetheworld\proj.win32\debug.win32\libextensions.lib
g:\github\repositories\savetheworld\cocos2d\extensions\proj.win32\debug.win32\libextensions.tlog\cl.command.1.tlog
g:\github\repositories\savetheworld\cocos2d\extensions\proj.win32\debug.win32\libextensions.tlog\cl.read.1.tlog
g:\github\repositories\savetheworld\cocos2d\extensions\proj.win32\debug.win32\libextensions.tlog\cl.write.1.tlog
g:\github\repositories\savetheworld\cocos2d\extensions\proj.win32\debug.win32\libextensions.tlog\lib-link.read.1.tlog
g:\github\repositories\savetheworld\cocos2d\extensions\proj.win32\debug.win32\libextensions.tlog\lib-link.write.1.tlog
g:\github\repositories\savetheworld\cocos2d\extensions\proj.win32\debug.win32\libextensions.tlog\lib.command.1.tlog
