Build started 5/10/2014 9:09:05 AM.
     1>Project "G:\GitHub\Repositories\SaveTheWorld\cocos2d\cocos\ui\proj.win32\libGUI.vcxproj" on node 3 (Build target(s)).
     1>ClCompile:
         G:\Programming\VisualStudio\VC\bin\CL.exe /c /IG:\GitHub\Repositories\SaveTheWorld\cocos2d\cocos\2d\..\..\ /IG:\GitHub\Repositories\SaveTheWorld\cocos2d\cocos\2d\..\..\cocos /IG:\GitHub\Repositories\SaveTheWorld\cocos2d\cocos\2d\..\..\cocos\audio\include /I"G:\GitHub\Repositories\SaveTheWorld\cocos2d\cocos\2d\..\..\cocos\editor-support" /IG:\GitHub\Repositories\SaveTheWorld\cocos2d\cocos\2d\..\..\external /IG:\GitHub\Repositories\SaveTheWorld\cocos2d\cocos\2d\..\..\extensions /IG:\GitHub\Repositories\SaveTheWorld\cocos2d\cocos\2d\..\..\cocos /IG:\GitHub\Repositories\SaveTheWorld\cocos2d\cocos\2d\..\..\cocos\2d /IG:\GitHub\Repositories\SaveTheWorld\cocos2d\cocos\2d\..\..\cocos\2d\renderer /IG:\GitHub\Repositories\SaveTheWorld\cocos2d\cocos\2d\..\..\cocos\ui /IG:\GitHub\Repositories\SaveTheWorld\cocos2d\cocos\2d\..\..\cocos\base /IG:\GitHub\Repositories\SaveTheWorld\cocos2d\cocos\2d\..\..\cocos\physics /IG:\GitHub\Repositories\SaveTheWorld\cocos2d\cocos\2d\..\..\cocos\math\kazmath /IG:\GitHub\Repositories\SaveTheWorld\cocos2d\cocos\2d\..\..\cocos\2d\platform\win32 /IG:\GitHub\Repositories\SaveTheWorld\cocos2d\cocos\2d\..\..\cocos\2d\platform\desktop /IG:\GitHub\Repositories\SaveTheWorld\cocos2d\cocos\2d\..\..\external\glfw3\include\win32 /I"G:\GitHub\Repositories\SaveTheWorld\cocos2d\cocos\2d\..\..\external\win32-specific\gles\include\OGLES" /Z7 /nologo /W3 /WX- /MP /Od /Oy- /D WIN32 /D _DEBUG /D _WINDOWS /D _LIB /D COCOS2DXWIN32_EXPORTS /D GL_GLEXT_PROTOTYPES /D COCOS2D_DEBUG=1 /D _CRT_SECURE_NO_WARNINGS /D _SCL_SECURE_NO_WARNINGS /D _VARIADIC_MAX=10 /D _UNICODE /D UNICODE /Gm- /EHsc /RTC1 /MDd /GS /fp:precise /Zc:wchar_t /Zc:forScope /Fo"Debug.win32\\" /Fd"Debug.win32\vc120.pdb" /Gd /TP /wd4267 /wd4251 /wd4244 /analyze- /errorReport:prompt ..\CCProtectedNode.cpp ..\CocosGUI.cpp ..\UIButton.cpp ..\UICheckBox.cpp ..\UIHBox.cpp ..\UIHelper.cpp ..\UIImageView.cpp ..\UILayout.cpp ..\UILayoutDefine.cpp ..\UILayoutParameter.cpp ..\UIListView.cpp ..\UILoadingBar.cpp ..\UIPageView.cpp ..\UIRelativeBox.cpp ..\UIRichText.cpp ..\UIScrollView.cpp ..\UISlider.cpp ..\UIText.cpp ..\UITextAtlas.cpp ..\UITextBMFont.cpp ..\UITextField.cpp ..\UIVBox.cpp ..\UIWidget.cpp
         CCProtectedNode.cpp
         CocosGUI.cpp
         UIButton.cpp
         UICheckBox.cpp
         UIHBox.cpp
         UIHelper.cpp
         UIImageView.cpp
         UILayout.cpp
         UILayoutDefine.cpp
         UILayoutParameter.cpp
         UIListView.cpp
         UILoadingBar.cpp
         UIPageView.cpp
         UIRelativeBox.cpp
         UIRichText.cpp
         UIScrollView.cpp
         UISlider.cpp
         UIText.cpp
         UITextAtlas.cpp
         UITextBMFont.cpp
         UITextField.cpp
         UIVBox.cpp
         UIWidget.cpp
       Lib:
         G:\Programming\VisualStudio\VC\bin\Lib.exe /OUT:"G:\GitHub\Repositories\SaveTheWorld\proj.win32\Debug.win32\libGUI.lib" /NOLOGO Debug.win32\CCProtectedNode.obj
         Debug.win32\CocosGUI.obj
         Debug.win32\UIButton.obj
         Debug.win32\UICheckBox.obj
         Debug.win32\UIHBox.obj
         Debug.win32\UIHelper.obj
         Debug.win32\UIImageView.obj
         Debug.win32\UILayout.obj
         Debug.win32\UILayoutDefine.obj
         Debug.win32\UILayoutParameter.obj
         Debug.win32\UIListView.obj
         Debug.win32\UILoadingBar.obj
         Debug.win32\UIPageView.obj
         Debug.win32\UIRelativeBox.obj
         Debug.win32\UIRichText.obj
         Debug.win32\UIScrollView.obj
         Debug.win32\UISlider.obj
         Debug.win32\UIText.obj
         Debug.win32\UITextAtlas.obj
         Debug.win32\UITextBMFont.obj
         Debug.win32\UITextField.obj
         Debug.win32\UIVBox.obj
         Debug.win32\UIWidget.obj
         libGUI.vcxproj -> G:\GitHub\Repositories\SaveTheWorld\proj.win32\Debug.win32\libGUI.lib
     1>Done Building Project "G:\GitHub\Repositories\SaveTheWorld\cocos2d\cocos\ui\proj.win32\libGUI.vcxproj" (Build target(s)).

Build succeeded.

Time Elapsed 00:01:44.24
